<?xml version="1.0" encoding="UTF-8"?>
<testng-results ignored="0" total="2" passed="2" failed="0" skipped="0">
  <reporter-output>
  </reporter-output>
  <suite started-at="2022-12-08T12:50:24 IST" name="Suite" finished-at="2022-12-08T12:50:43 IST" duration-ms="18731">
    <groups>
    </groups>
    <test started-at="2022-12-08T12:50:24 IST" name="Test" finished-at="2022-12-08T12:50:43 IST" duration-ms="18731">
      <class name="GoogleTest2">
        <test-method signature="homePageCheck()[pri:0, instance:GoogleTest2@1e802ef9]" started-at="2022-12-08T12:50:24 IST" name="homePageCheck" finished-at="2022-12-08T12:50:43 IST" duration-ms="18655" status="PASS">
          <reporter-output>
          </reporter-output>
        </test-method> <!-- homePageCheck -->
      </class> <!-- GoogleTest2 -->
      <class name="GoogleTest">
        <test-method signature="homePageCheck()[pri:0, instance:GoogleTest@1ed1993a]" started-at="2022-12-08T12:50:24 IST" name="homePageCheck" finished-at="2022-12-08T12:50:32 IST" duration-ms="8563" status="PASS">
          <reporter-output>
          </reporter-output>
        </test-method> <!-- homePageCheck -->
      </class> <!-- GoogleTest -->
    </test> <!-- Test -->
  </suite> <!-- Suite -->
</testng-results>
